# JRE version: Java(TM) SE Runtime Environment (8.0_181-b13) (build 1.8.0_181-b13)
# Java VM: Java HotSpot(TM) 64-Bit Server VM (25.181-b13 mixed mode windows-amd64 compressed oops)
Heap:
 PSYoungGen      total 221696K, used 113416K [0x00000000d5d80000, 0x00000000e4e80000, 0x0000000100000000)
  eden space 209408K, 48% used [0x00000000d5d80000,0x00000000dc0bc610,0x00000000e2a00000)
  from space 12288K, 96% used [0x00000000e4280000,0x00000000e4e05ce8,0x00000000e4e80000)
  to   space 14848K, 0% used [0x00000000e3180000,0x00000000e3180000,0x00000000e4000000)
 ParOldGen       total 69120K, used 18477K [0x0000000081800000, 0x0000000085b80000, 0x00000000d5d80000)
  object space 69120K, 26% used [0x0000000081800000,0x0000000082a0b498,0x0000000085b80000)
 Metaspace       used 49382K, capacity 51784K, committed 52224K, reserved 1095680K
  class space    used 6188K, capacity 6582K, committed 6656K, reserved 1048576K
GC Heap History (10 events):
Event: 2.744 GC heap before
{Heap before GC invocations=6 (full 1):
 PSYoungGen      total 71680K, used 66560K [0x00000000d5d80000, 0x00000000da880000, 0x0000000100000000)
  eden space 66560K, 100% used [0x00000000d5d80000,0x00000000d9e80000,0x00000000d9e80000)
  from space 5120K, 0% used [0x00000000da380000,0x00000000da380000,0x00000000da880000)
  to   space 5120K, 0% used [0x00000000d9e80000,0x00000000d9e80000,0x00000000da380000)
 ParOldGen       total 48128K, used 5705K [0x0000000081800000, 0x0000000084700000, 0x00000000d5d80000)
  object space 48128K, 11% used [0x0000000081800000,0x0000000081d92630,0x0000000084700000)
 Metaspace       used 24861K, capacity 25682K, committed 25856K, reserved 1071104K
  class space    used 3342K, capacity 3545K, committed 3584K, reserved 1048576K
Event: 2.751 GC heap after
Heap after GC invocations=6 (full 1):
 PSYoungGen      total 71680K, used 5108K [0x00000000d5d80000, 0x00000000deb00000, 0x0000000100000000)
  eden space 66560K, 0% used [0x00000000d5d80000,0x00000000d5d80000,0x00000000d9e80000)
  from space 5120K, 99% used [0x00000000d9e80000,0x00000000da37d3e8,0x00000000da380000)
  to   space 10240K, 0% used [0x00000000de100000,0x00000000de100000,0x00000000deb00000)
 ParOldGen       total 48128K, used 8449K [0x0000000081800000, 0x0000000084700000, 0x00000000d5d80000)
  object space 48128K, 17% used [0x0000000081800000,0x00000000820404d8,0x0000000084700000)
 Metaspace       used 24861K, capacity 25682K, committed 25856K, reserved 1071104K
  class space    used 3342K, capacity 3545K, committed 3584K, reserved 1048576K
}
Event: 4.163 GC heap before
{Heap before GC invocations=7 (full 1):
 PSYoungGen      total 71680K, used 71668K [0x00000000d5d80000, 0x00000000deb00000, 0x0000000100000000)
  eden space 66560K, 100% used [0x00000000d5d80000,0x00000000d9e80000,0x00000000d9e80000)
  from space 5120K, 99% used [0x00000000d9e80000,0x00000000da37d3e8,0x00000000da380000)
  to   space 10240K, 0% used [0x00000000de100000,0x00000000de100000,0x00000000deb00000)
 ParOldGen       total 48128K, used 8449K [0x0000000081800000, 0x0000000084700000, 0x00000000d5d80000)
  object space 48128K, 17% used [0x0000000081800000,0x00000000820404d8,0x0000000084700000)
 Metaspace       used 31212K, capacity 32594K, committed 32768K, reserved 1077248K
  class space    used 4259K, capacity 4509K, committed 4608K, reserved 1048576K
Event: 4.175 GC heap after
Heap after GC invocations=7 (full 1):
 PSYoungGen      total 132096K, used 10223K [0x00000000d5d80000, 0x00000000dec80000, 0x0000000100000000)
  eden space 121856K, 0% used [0x00000000d5d80000,0x00000000d5d80000,0x00000000dd480000)
  from space 10240K, 99% used [0x00000000de100000,0x00000000deafbca0,0x00000000deb00000)
  to   space 12288K, 0% used [0x00000000dd480000,0x00000000dd480000,0x00000000de080000)
 ParOldGen       total 48128K, used 9626K [0x0000000081800000, 0x0000000084700000, 0x00000000d5d80000)
  object space 48128K, 20% used [0x0000000081800000,0x00000000821669f8,0x0000000084700000)
 Metaspace       used 31212K, capacity 32594K, committed 32768K, reserved 1077248K
  class space    used 4259K, capacity 4509K, committed 4608K, reserved 1048576K
}
Event: 4.692 GC heap before
{Heap before GC invocations=8 (full 1):
 PSYoungGen      total 132096K, used 63893K [0x00000000d5d80000, 0x00000000dec80000, 0x0000000100000000)
  eden space 121856K, 44% used [0x00000000d5d80000,0x00000000d91e9ac8,0x00000000dd480000)
  from space 10240K, 99% used [0x00000000de100000,0x00000000deafbca0,0x00000000deb00000)
  to   space 12288K, 0% used [0x00000000dd480000,0x00000000dd480000,0x00000000de080000)
 ParOldGen       total 48128K, used 9626K [0x0000000081800000, 0x0000000084700000, 0x00000000d5d80000)
  object space 48128K, 20% used [0x0000000081800000,0x00000000821669f8,0x0000000084700000)
 Metaspace       used 33925K, capacity 35400K, committed 35496K, reserved 1079296K
  class space    used 4560K, capacity 4836K, committed 4864K, reserved 1048576K
Event: 4.709 GC heap after
Heap after GC invocations=8 (full 1):
 PSYoungGen      total 134144K, used 12279K [0x00000000d5d80000, 0x00000000e5080000, 0x0000000100000000)
  eden space 121856K, 0% used [0x00000000d5d80000,0x00000000d5d80000,0x00000000dd480000)
  from space 12288K, 99% used [0x00000000dd480000,0x00000000de07dd30,0x00000000de080000)
  to   space 14336K, 0% used [0x00000000e4280000,0x00000000e4280000,0x00000000e5080000)
 ParOldGen       total 48128K, used 10509K [0x0000000081800000, 0x0000000084700000, 0x00000000d5d80000)
  object space 48128K, 21% used [0x0000000081800000,0x00000000822436e8,0x0000000084700000)
 Metaspace       used 33925K, capacity 35400K, committed 35496K, reserved 1079296K
  class space    used 4560K, capacity 4836K, committed 4864K, reserved 1048576K
}
Event: 4.709 GC heap before
{Heap before GC invocations=9 (full 2):
 PSYoungGen      total 134144K, used 12279K [0x00000000d5d80000, 0x00000000e5080000, 0x0000000100000000)
  eden space 121856K, 0% used [0x00000000d5d80000,0x00000000d5d80000,0x00000000dd480000)
  from space 12288K, 99% used [0x00000000dd480000,0x00000000de07dd30,0x00000000de080000)
  to   space 14336K, 0% used [0x00000000e4280000,0x00000000e4280000,0x00000000e5080000)
 ParOldGen       total 48128K, used 10509K [0x0000000081800000, 0x0000000084700000, 0x00000000d5d80000)
  object space 48128K, 21% used [0x0000000081800000,0x00000000822436e8,0x0000000084700000)
 Metaspace       used 33925K, capacity 35400K, committed 35496K, reserved 1079296K
  class space    used 4560K, capacity 4836K, committed 4864K, reserved 1048576K
Event: 4.772 GC heap after
Heap after GC invocations=9 (full 2):
 PSYoungGen      total 134144K, used 0K [0x00000000d5d80000, 0x00000000e5080000, 0x0000000100000000)
  eden space 121856K, 0% used [0x00000000d5d80000,0x00000000d5d80000,0x00000000dd480000)
  from space 12288K, 0% used [0x00000000dd480000,0x00000000dd480000,0x00000000de080000)
  to   space 14336K, 0% used [0x00000000e4280000,0x00000000e4280000,0x00000000e5080000)
 ParOldGen       total 69120K, used 18469K [0x0000000081800000, 0x0000000085b80000, 0x00000000d5d80000)
  object space 69120K, 26% used [0x0000000081800000,0x0000000082a09498,0x0000000085b80000)
 Metaspace       used 33925K, capacity 35400K, committed 35496K, reserved 1079296K
  class space    used 4560K, capacity 4836K, committed 4864K, reserved 1048576K
}
Event: 9.825 GC heap before
{Heap before GC invocations=10 (full 2):
 PSYoungGen      total 134144K, used 121856K [0x00000000d5d80000, 0x00000000e5080000, 0x0000000100000000)
  eden space 121856K, 100% used [0x00000000d5d80000,0x00000000dd480000,0x00000000dd480000)
  from space 12288K, 0% used [0x00000000dd480000,0x00000000dd480000,0x00000000de080000)
  to   space 14336K, 0% used [0x00000000e4280000,0x00000000e4280000,0x00000000e5080000)
 ParOldGen       total 69120K, used 18469K [0x0000000081800000, 0x0000000085b80000, 0x00000000d5d80000)
  object space 69120K, 26% used [0x0000000081800000,0x0000000082a09498,0x0000000085b80000)
 Metaspace       used 43073K, capacity 45282K, committed 45568K, reserved 1089536K
  class space    used 5662K, capacity 6051K, committed 6144K, reserved 1048576K
Event: 9.837 GC heap after
Heap after GC invocations=10 (full 2):
 PSYoungGen      total 221696K, used 11799K [0x00000000d5d80000, 0x00000000e4e80000, 0x0000000100000000)
  eden space 209408K, 0% used [0x00000000d5d80000,0x00000000d5d80000,0x00000000e2a00000)
  from space 12288K, 96% used [0x00000000e4280000,0x00000000e4e05ce8,0x00000000e4e80000)
  to   space 14848K, 0% used [0x00000000e3180000,0x00000000e3180000,0x00000000e4000000)
 ParOldGen       total 69120K, used 18477K [0x0000000081800000, 0x0000000085b80000, 0x00000000d5d80000)
  object space 69120K, 26% used [0x0000000081800000,0x0000000082a0b498,0x0000000085b80000)
 Metaspace       used 43073K, capacity 45282K, committed 45568K, reserved 1089536K
  class space    used 5662K, capacity 6051K, committed 6144K, reserved 1048576K
}

